<?xml version="1.0" encoding="UTF-8"?>
<!-- Generated by org.testng.reporters.JUnitXMLReporter -->
<testsuite ignored="0" hostname="DESKTOP-J4SRGEC" failures="0" tests="7" name="Default test" time="12.108" errors="0" timestamp="2024-07-15T15:58:52 IST">
  <testcase classname="CryptocurrencyWallet.CryptocurrencyWallet" name="Calculatetransactionfeesandreturnestimatedcostt" time="5.452"/>
  <testcase classname="CryptocurrencyWallet.CryptocurrencyWallet" name="Getanobjectwithallavailablecurrencyexchangerates" time="1.263"/>
  <testcase classname="CryptocurrencyWallet.CryptocurrencyWallet" name="List_all_the_transactions_done_bytheuser" time="1.235"/>
  <testcase classname="CryptocurrencyWallet.CryptocurrencyWallet" name="Login_the_userandgenerate_session_token" time="0.998"/>
  <testcase classname="CryptocurrencyWallet.CryptocurrencyWallet" name="Registerauserandcreatehis_herwallet" time="1.015"/>
  <testcase classname="CryptocurrencyWallet.CryptocurrencyWallet" name="Retrieve_the_wallet_balance" time="0.974"/>
  <testcase classname="CryptocurrencyWallet.CryptocurrencyWallet" name="Transfer5ETHtoarecipient" time="0.983"/>
</testsuite> <!-- Default test -->
